Determining if the pthread_create exist failed with the following output:
Change Dir: /home/okarimpo/catkin_ws/build/mrpt_tutorials/CMakeFiles/CMakeTmp

Run Build Command:"/usr/bin/make" "cmTC_0f82a/fast"
/usr/bin/make -f CMakeFiles/cmTC_0f82a.dir/build.make CMakeFiles/cmTC_0f82a.dir/build
make[1]: Entering directory '/home/okarimpo/catkin_ws/build/mrpt_tutorials/CMakeFiles/CMakeTmp'
Building C object CMakeFiles/cmTC_0f82a.dir/CheckSymbolExists.c.o
/usr/bin/cc     -o CMakeFiles/cmTC_0f82a.dir/CheckSymbolExists.c.o   -c /home/okarimpo/catkin_ws/build/mrpt_tutorials/CMakeFiles/CMakeTmp/CheckSymbolExists.c
Linking C executable cmTC_0f82a
/usr/bin/cmake -E cmake_link_script CMakeFiles/cmTC_0f82a.dir/link.txt --verbose=1
/usr/bin/cc       CMakeFiles/cmTC_0f82a.dir/CheckSymbolExists.c.o  -o cmTC_0f82a -rdynamic 
CMakeFiles/cmTC_0f82a.dir/CheckSymbolExists.c.o: In function `main':
CheckSymbolExists.c:(.text+0x16): undefined reference to `pthread_create'
collect2: error: ld returned 1 exit status
CMakeFiles/cmTC_0f82a.dir/build.make:97: recipe for target 'cmTC_0f82a' failed
make[1]: *** [cmTC_0f82a] Error 1
make[1]: Leaving directory '/home/okarimpo/catkin_ws/build/mrpt_tutorials/CMakeFiles/CMakeTmp'
Makefile:126: recipe for target 'cmTC_0f82a/fast' failed
make: *** [cmTC_0f82a/fast] Error 2

File /home/okarimpo/catkin_ws/build/mrpt_tutorials/CMakeFiles/CMakeTmp/CheckSymbolExists.c:
/* */
#include <pthread.h>

int main(int argc, char** argv)
{
  (void)argv;
#ifndef pthread_create
  return ((int*)(&pthread_create))[argc];
#else
  (void)argc;
  return 0;
#endif
}

Determining if the function pthread_create exists in the pthreads failed with the following output:
Change Dir: /home/okarimpo/catkin_ws/build/mrpt_tutorials/CMakeFiles/CMakeTmp

Run Build Command:"/usr/bin/make" "cmTC_036cd/fast"
/usr/bin/make -f CMakeFiles/cmTC_036cd.dir/build.make CMakeFiles/cmTC_036cd.dir/build
make[1]: Entering directory '/home/okarimpo/catkin_ws/build/mrpt_tutorials/CMakeFiles/CMakeTmp'
Building C object CMakeFiles/cmTC_036cd.dir/CheckFunctionExists.c.o
/usr/bin/cc    -DCHECK_FUNCTION_EXISTS=pthread_create   -o CMakeFiles/cmTC_036cd.dir/CheckFunctionExists.c.o   -c /usr/share/cmake-3.5/Modules/CheckFunctionExists.c
Linking C executable cmTC_036cd
/usr/bin/cmake -E cmake_link_script CMakeFiles/cmTC_036cd.dir/link.txt --verbose=1
/usr/bin/cc   -DCHECK_FUNCTION_EXISTS=pthread_create    CMakeFiles/cmTC_036cd.dir/CheckFunctionExists.c.o  -o cmTC_036cd -rdynamic -lpthreads 
/usr/bin/ld: cannot find -lpthreads
collect2: error: ld returned 1 exit status
CMakeFiles/cmTC_036cd.dir/build.make:97: recipe for target 'cmTC_036cd' failed
make[1]: *** [cmTC_036cd] Error 1
make[1]: Leaving directory '/home/okarimpo/catkin_ws/build/mrpt_tutorials/CMakeFiles/CMakeTmp'
Makefile:126: recipe for target 'cmTC_036cd/fast' failed
make: *** [cmTC_036cd/fast] Error 2


