[35m[1mScanning dependencies of target rosaria_gencfg[0m
[35m[1mScanning dependencies of target std_msgs_generate_messages_cpp[0m
[  0%] Built target std_msgs_generate_messages_cpp
[35m[1mScanning dependencies of target _rosaria_generate_messages_check_deps_BumperState[0m
[35m[1mScanning dependencies of target geometry_msgs_generate_messages_cpp[0m
[  9%] [34m[1mGenerating dynamic reconfigure files from cfg/RosAria.cfg: /home/okarimpo/catkin_ws/devel/.private/rosaria/include/rosaria/RosAriaConfig.h /home/okarimpo/catkin_ws/devel/.private/rosaria/lib/python2.7/dist-packages/rosaria/cfg/RosAriaConfig.py[0m
[  9%] Built target geometry_msgs_generate_messages_cpp
[  9%] Built target _rosaria_generate_messages_check_deps_BumperState
[35m[1mScanning dependencies of target geometry_msgs_generate_messages_py[0m
[35m[1mScanning dependencies of target std_msgs_generate_messages_py[0m
[35m[1mScanning dependencies of target std_msgs_generate_messages_nodejs[0m
[  9%] Built target geometry_msgs_generate_messages_py
[  9%] Built target std_msgs_generate_messages_py
[35m[1mScanning dependencies of target geometry_msgs_generate_messages_nodejs[0m
[  9%] Built target std_msgs_generate_messages_nodejs
[35m[1mScanning dependencies of target geometry_msgs_generate_messages_lisp[0m
[  9%] Built target geometry_msgs_generate_messages_nodejs
[  9%] Built target geometry_msgs_generate_messages_lisp
[35m[1mScanning dependencies of target std_msgs_generate_messages_lisp[0m
[35m[1mScanning dependencies of target geometry_msgs_generate_messages_eus[0m
[35m[1mScanning dependencies of target std_msgs_generate_messages_eus[0m
[  9%] Built target geometry_msgs_generate_messages_eus
[  9%] Built target std_msgs_generate_messages_lisp
[  9%] Built target std_msgs_generate_messages_eus
[35m[1mScanning dependencies of target rosaria_generate_messages_py[0m
[35m[1mScanning dependencies of target rosaria_generate_messages_cpp[0m
Generating reconfiguration files for RosAria in rosaria
[ 18%] [34m[1mGenerating C++ code from rosaria/BumperState.msg[0m
[ 27%] [34m[1mGenerating Python from MSG rosaria/BumperState[0m
[35m[1mScanning dependencies of target rosaria_generate_messages_nodejs[0m
[ 36%] [34m[1mGenerating Javascript code from rosaria/BumperState.msg[0m
Wrote header file in /home/okarimpo/catkin_ws/devel/.private/rosaria/include/rosaria/RosAriaConfig.h
[ 36%] Built target rosaria_gencfg
[35m[1mScanning dependencies of target rosaria_generate_messages_lisp[0m
[ 45%] [34m[1mGenerating Lisp code from rosaria/BumperState.msg[0m
[ 45%] Built target rosaria_generate_messages_cpp
[35m[1mScanning dependencies of target rosaria_generate_messages_eus[0m
[ 54%] [34m[1mGenerating EusLisp code from rosaria/BumperState.msg[0m
[ 54%] Built target rosaria_generate_messages_nodejs
[ 63%] [34m[1mGenerating EusLisp manifest code for rosaria[0m
[ 63%] Built target rosaria_generate_messages_lisp
[35m[1mScanning dependencies of target rosaria_gencpp[0m
[ 63%] Built target rosaria_gencpp
[35m[1mScanning dependencies of target RosAria[0m
[ 72%] [34m[1mGenerating Python msg __init__.py for rosaria[0m
[ 72%] Built target rosaria_generate_messages_py
[ 81%] [32mBuilding CXX object CMakeFiles/RosAria.dir/RosAria.cpp.o[0m
[ 90%] [32mBuilding CXX object CMakeFiles/RosAria.dir/LaserPublisher.cpp.o[0m
[ 90%] Built target rosaria_generate_messages_eus
[35m[1mScanning dependencies of target rosaria_generate_messages[0m
[ 90%] Built target rosaria_generate_messages
[100%] [32m[1mLinking CXX executable /home/okarimpo/catkin_ws/devel/.private/rosaria/lib/rosaria/RosAria[0m
[100%] Built target RosAria
