Determining if the pthread_create exist failed with the following output:
Change Dir: /home/okarimpo/catkin_ws/build/mrpt_reactivenav2d/CMakeFiles/CMakeTmp

Run Build Command:"/usr/bin/make" "cmTC_08b32/fast"
/usr/bin/make -f CMakeFiles/cmTC_08b32.dir/build.make CMakeFiles/cmTC_08b32.dir/build
make[1]: Entering directory '/home/okarimpo/catkin_ws/build/mrpt_reactivenav2d/CMakeFiles/CMakeTmp'
Building C object CMakeFiles/cmTC_08b32.dir/CheckSymbolExists.c.o
/usr/bin/cc     -o CMakeFiles/cmTC_08b32.dir/CheckSymbolExists.c.o   -c /home/okarimpo/catkin_ws/build/mrpt_reactivenav2d/CMakeFiles/CMakeTmp/CheckSymbolExists.c
Linking C executable cmTC_08b32
/usr/bin/cmake -E cmake_link_script CMakeFiles/cmTC_08b32.dir/link.txt --verbose=1
/usr/bin/cc       CMakeFiles/cmTC_08b32.dir/CheckSymbolExists.c.o  -o cmTC_08b32 -rdynamic 
CMakeFiles/cmTC_08b32.dir/CheckSymbolExists.c.o: In function `main':
CheckSymbolExists.c:(.text+0x16): undefined reference to `pthread_create'
collect2: error: ld returned 1 exit status
CMakeFiles/cmTC_08b32.dir/build.make:97: recipe for target 'cmTC_08b32' failed
make[1]: *** [cmTC_08b32] Error 1
make[1]: Leaving directory '/home/okarimpo/catkin_ws/build/mrpt_reactivenav2d/CMakeFiles/CMakeTmp'
Makefile:126: recipe for target 'cmTC_08b32/fast' failed
make: *** [cmTC_08b32/fast] Error 2

File /home/okarimpo/catkin_ws/build/mrpt_reactivenav2d/CMakeFiles/CMakeTmp/CheckSymbolExists.c:
/* */
#include <pthread.h>

int main(int argc, char** argv)
{
  (void)argv;
#ifndef pthread_create
  return ((int*)(&pthread_create))[argc];
#else
  (void)argc;
  return 0;
#endif
}

Determining if the function pthread_create exists in the pthreads failed with the following output:
Change Dir: /home/okarimpo/catkin_ws/build/mrpt_reactivenav2d/CMakeFiles/CMakeTmp

Run Build Command:"/usr/bin/make" "cmTC_b5a96/fast"
/usr/bin/make -f CMakeFiles/cmTC_b5a96.dir/build.make CMakeFiles/cmTC_b5a96.dir/build
make[1]: Entering directory '/home/okarimpo/catkin_ws/build/mrpt_reactivenav2d/CMakeFiles/CMakeTmp'
Building C object CMakeFiles/cmTC_b5a96.dir/CheckFunctionExists.c.o
/usr/bin/cc    -DCHECK_FUNCTION_EXISTS=pthread_create   -o CMakeFiles/cmTC_b5a96.dir/CheckFunctionExists.c.o   -c /usr/share/cmake-3.5/Modules/CheckFunctionExists.c
Linking C executable cmTC_b5a96
/usr/bin/cmake -E cmake_link_script CMakeFiles/cmTC_b5a96.dir/link.txt --verbose=1
/usr/bin/cc   -DCHECK_FUNCTION_EXISTS=pthread_create    CMakeFiles/cmTC_b5a96.dir/CheckFunctionExists.c.o  -o cmTC_b5a96 -rdynamic -lpthreads 
/usr/bin/ld: cannot find -lpthreads
collect2: error: ld returned 1 exit status
CMakeFiles/cmTC_b5a96.dir/build.make:97: recipe for target 'cmTC_b5a96' failed
make[1]: *** [cmTC_b5a96] Error 1
make[1]: Leaving directory '/home/okarimpo/catkin_ws/build/mrpt_reactivenav2d/CMakeFiles/CMakeTmp'
Makefile:126: recipe for target 'cmTC_b5a96/fast' failed
make: *** [cmTC_b5a96/fast] Error 2


