[  2%] Built target gazebo_ros_template
[  4%] Built target gazebo_ros_vacuum_gripper
[  7%] Built target gazebo_ros_ft_sensor
[  9%] Built target gazebo_ros_planar_move
[ 12%] Built target gazebo_ros_video
[ 14%] Built target gazebo_ros_utils
[ 14%] Built target diagnostic_msgs_generate_messages_nodejs
[ 14%] Built target diagnostic_msgs_generate_messages_py
[ 14%] Built target rosgraph_msgs_generate_messages_nodejs
[ 14%] Built target gazebo_msgs_generate_messages_eus
[ 14%] Built target roscpp_generate_messages_py
[ 14%] Built target roscpp_generate_messages_eus
[ 14%] Built target bond_generate_messages_eus
[ 14%] Built target tf_generate_messages_nodejs
[ 14%] Built target std_srvs_generate_messages_py
[ 14%] Built target std_srvs_generate_messages_nodejs
[ 14%] Built target sensor_msgs_generate_messages_eus
[ 14%] Built target actionlib_msgs_generate_messages_cpp
[ 14%] Built target actionlib_generate_messages_nodejs
[ 14%] Built target sensor_msgs_generate_messages_cpp
[ 14%] Built target roscpp_generate_messages_cpp
[ 14%] Built target std_srvs_generate_messages_eus
[ 14%] Built target tf_generate_messages_cpp
[ 14%] Built target gazebo_msgs_generate_messages_nodejs
[ 14%] Built target std_msgs_generate_messages_nodejs
[ 14%] Built target _catkin_empty_exported_target
[ 14%] Built target dynamic_reconfigure_generate_messages_nodejs
[ 14%] Built target actionlib_generate_messages_cpp
[ 14%] Built target rosgraph_msgs_generate_messages_py
[ 14%] Built target tf_generate_messages_lisp
[ 14%] Built target rosgraph_msgs_generate_messages_lisp
[ 14%] Built target sensor_msgs_generate_messages_py
[ 14%] Built target roscpp_generate_messages_nodejs
[ 14%] Built target std_srvs_generate_messages_cpp
[ 14%] Built target diagnostic_msgs_generate_messages_lisp
[ 14%] Built target gazebo_msgs_generate_messages_lisp
[ 14%] Built target sensor_msgs_generate_messages_lisp
[ 14%] Built target geometry_msgs_generate_messages_py
[ 14%] Built target geometry_msgs_generate_messages_lisp
[ 14%] Built target std_srvs_generate_messages_lisp
[ 14%] Built target bond_generate_messages_py
[ 14%] Built target std_msgs_generate_messages_lisp
[ 14%] Built target geometry_msgs_generate_messages_eus
[ 14%] Built target geometry_msgs_generate_messages_nodejs
[ 14%] Built target rosgraph_msgs_generate_messages_cpp
[ 14%] Built target nodelet_generate_messages_py
[ 14%] Built target diagnostic_msgs_generate_messages_eus
[ 14%] Built target std_msgs_generate_messages_cpp
[ 14%] Built target sensor_msgs_generate_messages_nodejs
[ 14%] Built target gazebo_msgs_generate_messages_py
[ 14%] Built target geometry_msgs_generate_messages_cpp
[ 14%] Built target trajectory_msgs_generate_messages_cpp
[ 14%] Built target roscpp_generate_messages_lisp
[ 14%] Built target trajectory_msgs_generate_messages_eus
[ 14%] Built target rosgraph_msgs_generate_messages_eus
[ 14%] Built target std_msgs_generate_messages_py
[ 14%] Built target nav_msgs_generate_messages_py
[ 14%] Built target trajectory_msgs_generate_messages_lisp
[ 14%] Built target trajectory_msgs_generate_messages_nodejs
[ 14%] Built target polled_camera_generate_messages_cpp
[ 14%] Built target trajectory_msgs_generate_messages_py
[ 14%] Built target polled_camera_generate_messages_lisp
[ 14%] Built target nodelet_generate_messages_cpp
[ 14%] Built target nodelet_generate_messages_eus
[ 14%] Built target tf2_msgs_generate_messages_nodejs
[ 14%] Built target nodelet_generate_messages_lisp
[ 14%] Built target nodelet_generate_messages_nodejs
[ 14%] Built target bond_generate_messages_cpp
[ 14%] Built target bond_generate_messages_lisp
[ 14%] Built target tf2_msgs_generate_messages_eus
[ 14%] Built target nav_msgs_generate_messages_eus
[ 14%] Built target nav_msgs_generate_messages_lisp
[ 14%] Built target gazebo_msgs_generate_messages_cpp
[ 14%] Built target polled_camera_generate_messages_py
[ 14%] Built target actionlib_msgs_generate_messages_eus
[ 14%] Built target actionlib_generate_messages_lisp
[ 14%] Built target actionlib_msgs_generate_messages_lisp
[ 14%] Built target actionlib_msgs_generate_messages_nodejs
[ 14%] Built target tf2_msgs_generate_messages_py
[ 14%] Built target actionlib_msgs_generate_messages_py
[ 14%] Built target tf_generate_messages_eus
[ 14%] Built target tf_generate_messages_py
[ 14%] Built target std_msgs_generate_messages_eus
[ 14%] Built target actionlib_generate_messages_eus
[ 14%] Built target tf2_msgs_generate_messages_cpp
[ 14%] Built target nav_msgs_generate_messages_cpp
[ 14%] Built target tf2_msgs_generate_messages_lisp
[ 14%] Built target dynamic_reconfigure_generate_messages_cpp
[ 14%] Built target bond_generate_messages_nodejs
[ 14%] Built target dynamic_reconfigure_generate_messages_eus
[ 14%] Built target polled_camera_generate_messages_nodejs
[ 14%] Built target dynamic_reconfigure_generate_messages_lisp
[ 14%] Built target dynamic_reconfigure_generate_messages_py
[ 14%] Built target actionlib_generate_messages_py
[ 14%] Built target dynamic_reconfigure_gencfg
[ 14%] Built target nav_msgs_generate_messages_nodejs
[ 14%] Built target polled_camera_generate_messages_eus
[ 14%] Built target diagnostic_msgs_generate_messages_cpp
[ 19%] Built target gazebo_ros_hand_of_god
[ 19%] Built target gazebo_ros_imu_sensor
[ 21%] Built target gazebo_ros_force
[ 25%] Built target gazebo_ros_harness
[ 26%] Built target gazebo_ros_p3d
[ 29%] Built target gazebo_ros_gpu_laser
[ 31%] Built target MultiCameraPlugin
[ 34%] Built target gazebo_ros_imu
[ 36%] Built target pub_joint_trajectory_test
[ 39%] Built target gazebo_ros_f3d
[ 43%] Built target gazebo_plugins_gencfg
[ 46%] Built target gazebo_ros_joint_trajectory
[ 48%] Built target gazebo_ros_projector
[ 56%] Built target gazebo_ros_range
[ 56%] Built target gazebo_ros_block_laser
[ 56%] Built target gazebo_ros_joint_pose_trajectory
[ 60%] Built target gazebo_ros_laser
[ 60%] Built target gazebo_ros_skid_steer_drive
[ 65%] Built target gazebo_ros_diff_drive
[ 65%] Built target gazebo_ros_tricycle_drive
[ 70%] Built target gazebo_ros_joint_state_publisher
[ 70%] Built target gazebo_ros_bumper
[ 74%] Built target gazebo_ros_elevator
[ 75%] Built target gazebo_ros_camera_utils
[ 78%] Built target vision_reconfigure
[ 80%] Built target hokuyo_node
[ 82%] Built target gazebo_ros_prosilica
[ 85%] Built target gazebo_ros_openni_kinect
[ 87%] Built target gazebo_ros_depth_camera
[ 90%] Built target gazebo_ros_multicamera
[ 95%] Built target gazebo_ros_camera
[ 95%] Built target gazebo_ros_triggered_camera
[ 97%] Built target camera_synchronizer
[100%] Built target gazebo_ros_triggered_multicamera
