[35m[1mScanning dependencies of target dynamic_reconfigure_generate_messages_py[0m
[35m[1mScanning dependencies of target dynamic_reconfigure_gencfg[0m
[35m[1mScanning dependencies of target actionlib_msgs_generate_messages_lisp[0m
[35m[1mScanning dependencies of target mrpt_localization_core[0m
[  0%] Built target dynamic_reconfigure_gencfg
[  0%] Built target actionlib_msgs_generate_messages_lisp
[  0%] Built target dynamic_reconfigure_generate_messages_py
[35m[1mScanning dependencies of target dynamic_reconfigure_generate_messages_nodejs[0m
[35m[1mScanning dependencies of target dynamic_reconfigure_generate_messages_lisp[0m
[35m[1mScanning dependencies of target mrpt_localization_gencfg[0m
[  0%] Built target dynamic_reconfigure_generate_messages_lisp
[35m[1mScanning dependencies of target dynamic_reconfigure_generate_messages_eus[0m
[ 10%] [34m[1mGenerating dynamic reconfigure files from cfg/Motion.cfg: /home/okarimpo/catkin_ws/devel/.private/mrpt_localization/include/mrpt_localization/MotionConfig.h /home/okarimpo/catkin_ws/devel/.private/mrpt_localization/lib/python2.7/dist-packages/mrpt_localization/cfg/MotionConfig.py[0m
[ 10%] Built target dynamic_reconfigure_generate_messages_nodejs
[ 20%] Built target dynamic_reconfigure_generate_messages_eus
[ 20%] [34m[1mGenerating dynamic reconfigure files from cfg/RosInterface.cfg: /home/okarimpo/catkin_ws/devel/.private/mrpt_localization/include/mrpt_localization/RosInterfaceConfig.h /home/okarimpo/catkin_ws/devel/.private/mrpt_localization/lib/python2.7/dist-packages/mrpt_localization/cfg/RosInterfaceConfig.py[0m
[35m[1mScanning dependencies of target dynamic_reconfigure_generate_messages_cpp[0m
[ 20%] Built target dynamic_reconfigure_generate_messages_cpp
[35m[1mScanning dependencies of target stereo_msgs_generate_messages_nodejs[0m
[ 30%] [32mBuilding CXX object CMakeFiles/mrpt_localization_core.dir/src/mrpt_localization/mrpt_localization_core.cpp.o[0m
[ 30%] Built target stereo_msgs_generate_messages_nodejs
Generating reconfiguration files for RosInterface in mrpt_localization
Generating reconfiguration files for Motion in mrpt_localization
[35m[1mScanning dependencies of target stereo_msgs_generate_messages_lisp[0m
Wrote header file in /home/okarimpo/catkin_ws/devel/.private/mrpt_localization/include/mrpt_localization/RosInterfaceConfig.h
Wrote header file in /home/okarimpo/catkin_ws/devel/.private/mrpt_localization/include/mrpt_localization/MotionConfig.h
[ 30%] Built target stereo_msgs_generate_messages_lisp
[35m[1mScanning dependencies of target stereo_msgs_generate_messages_cpp[0m
[ 30%] Built target stereo_msgs_generate_messages_cpp
[35m[1mScanning dependencies of target marker_msgs_generate_messages_eus[0m
[ 30%] Built target marker_msgs_generate_messages_eus
[35m[1mScanning dependencies of target marker_msgs_generate_messages_cpp[0m
[35m[1mScanning dependencies of target mrpt_msgs_generate_messages_py[0m
[ 30%] Built target marker_msgs_generate_messages_cpp
[ 30%] Built target mrpt_localization_gencfg
[ 30%] Built target mrpt_msgs_generate_messages_py
[35m[1mScanning dependencies of target mrpt_msgs_generate_messages_nodejs[0m
[35m[1mScanning dependencies of target mrpt_msgs_generate_messages_cpp[0m
[35m[1mScanning dependencies of target mrpt_msgs_generate_messages_lisp[0m
[ 30%] Built target mrpt_msgs_generate_messages_cpp
[35m[1mScanning dependencies of target nav_msgs_generate_messages_nodejs[0m
[ 30%] Built target mrpt_msgs_generate_messages_lisp
[ 30%] Built target mrpt_msgs_generate_messages_nodejs
[ 30%] Built target nav_msgs_generate_messages_nodejs
[35m[1mScanning dependencies of target mrpt_msgs_generate_messages_eus[0m
[ 30%] Built target mrpt_msgs_generate_messages_eus
[35m[1mScanning dependencies of target nav_msgs_generate_messages_lisp[0m
[ 30%] Built target nav_msgs_generate_messages_lisp
[35m[1mScanning dependencies of target nav_msgs_generate_messages_eus[0m
[35m[1mScanning dependencies of target nav_msgs_generate_messages_cpp[0m
[ 30%] Built target nav_msgs_generate_messages_eus
[ 30%] Built target nav_msgs_generate_messages_cpp
[35m[1mScanning dependencies of target tf2_msgs_generate_messages_nodejs[0m
[ 30%] Built target tf2_msgs_generate_messages_nodejs
[35m[1mScanning dependencies of target tf2_msgs_generate_messages_lisp[0m
[ 30%] Built target tf2_msgs_generate_messages_lisp
[35m[1mScanning dependencies of target tf2_msgs_generate_messages_eus[0m
[ 30%] Built target tf2_msgs_generate_messages_eus
[35m[1mScanning dependencies of target stereo_msgs_generate_messages_eus[0m
[ 30%] Built target stereo_msgs_generate_messages_eus
[35m[1mScanning dependencies of target actionlib_generate_messages_eus[0m
[ 30%] Built target actionlib_generate_messages_eus
[35m[1mScanning dependencies of target std_msgs_generate_messages_eus[0m
[ 30%] Built target std_msgs_generate_messages_eus
[35m[1mScanning dependencies of target roscpp_generate_messages_lisp[0m
[ 30%] Built target roscpp_generate_messages_lisp
[35m[1mScanning dependencies of target nav_msgs_generate_messages_py[0m
[ 30%] Built target nav_msgs_generate_messages_py
[35m[1mScanning dependencies of target std_msgs_generate_messages_py[0m
[ 30%] Built target std_msgs_generate_messages_py
[35m[1mScanning dependencies of target rosgraph_msgs_generate_messages_lisp[0m
[ 30%] Built target rosgraph_msgs_generate_messages_lisp
[35m[1mScanning dependencies of target marker_msgs_generate_messages_nodejs[0m
[ 30%] Built target marker_msgs_generate_messages_nodejs
[35m[1mScanning dependencies of target roscpp_generate_messages_nodejs[0m
[ 30%] Built target roscpp_generate_messages_nodejs
[35m[1mScanning dependencies of target tf_generate_messages_eus[0m
[ 30%] Built target tf_generate_messages_eus
[35m[1mScanning dependencies of target rosgraph_msgs_generate_messages_nodejs[0m
[ 30%] Built target rosgraph_msgs_generate_messages_nodejs
[35m[1mScanning dependencies of target rosgraph_msgs_generate_messages_cpp[0m
[35m[1mScanning dependencies of target tf2_msgs_generate_messages_cpp[0m
[ 30%] Built target tf2_msgs_generate_messages_cpp
[ 30%] Built target rosgraph_msgs_generate_messages_cpp
[35m[1mScanning dependencies of target tf_generate_messages_cpp[0m
[35m[1mScanning dependencies of target std_msgs_generate_messages_lisp[0m
[ 30%] Built target tf_generate_messages_cpp
[35m[1mScanning dependencies of target geometry_msgs_generate_messages_lisp[0m
[ 30%] Built target std_msgs_generate_messages_lisp
[ 30%] Built target geometry_msgs_generate_messages_lisp
[35m[1mScanning dependencies of target roscpp_generate_messages_eus[0m
[ 30%] Built target roscpp_generate_messages_eus
[35m[1mScanning dependencies of target roscpp_generate_messages_cpp[0m
[35m[1mScanning dependencies of target geometry_msgs_generate_messages_eus[0m
[ 30%] Built target geometry_msgs_generate_messages_eus
[ 30%] Built target roscpp_generate_messages_cpp
[35m[1mScanning dependencies of target geometry_msgs_generate_messages_nodejs[0m
[35m[1mScanning dependencies of target actionlib_msgs_generate_messages_py[0m
[ 30%] Built target geometry_msgs_generate_messages_nodejs
[ 30%] Built target actionlib_msgs_generate_messages_py
[35m[1mScanning dependencies of target rosgraph_msgs_generate_messages_eus[0m
[35m[1mScanning dependencies of target rosgraph_msgs_generate_messages_py[0m
[ 30%] Built target rosgraph_msgs_generate_messages_eus
[ 30%] Built target rosgraph_msgs_generate_messages_py
[35m[1mScanning dependencies of target tf_generate_messages_lisp[0m
[35m[1mScanning dependencies of target roscpp_generate_messages_py[0m
[ 30%] Built target roscpp_generate_messages_py
[ 30%] Built target tf_generate_messages_lisp
[35m[1mScanning dependencies of target tf_generate_messages_nodejs[0m
[35m[1mScanning dependencies of target stereo_msgs_generate_messages_py[0m
[ 30%] Built target tf_generate_messages_nodejs
[ 30%] Built target stereo_msgs_generate_messages_py
[35m[1mScanning dependencies of target tf_generate_messages_py[0m
[ 30%] Built target tf_generate_messages_py
[35m[1mScanning dependencies of target geometry_msgs_generate_messages_cpp[0m
[ 30%] Built target geometry_msgs_generate_messages_cpp
[35m[1mScanning dependencies of target sensor_msgs_generate_messages_nodejs[0m
[ 30%] Built target sensor_msgs_generate_messages_nodejs
[35m[1mScanning dependencies of target std_msgs_generate_messages_nodejs[0m
[ 30%] Built target std_msgs_generate_messages_nodejs
[35m[1mScanning dependencies of target geometry_msgs_generate_messages_py[0m
[ 30%] Built target geometry_msgs_generate_messages_py
[ 40%] [32m[1mLinking CXX shared library /home/okarimpo/catkin_ws/devel/.private/mrpt_localization/lib/libmrpt_localization_core.so[0m
[ 40%] Built target mrpt_localization_core
[35m[1mScanning dependencies of target sensor_msgs_generate_messages_cpp[0m
[ 40%] Built target sensor_msgs_generate_messages_cpp
[35m[1mScanning dependencies of target sensor_msgs_generate_messages_lisp[0m
[ 40%] Built target sensor_msgs_generate_messages_lisp
[35m[1mScanning dependencies of target marker_msgs_generate_messages_py[0m
[ 40%] Built target marker_msgs_generate_messages_py
[35m[1mScanning dependencies of target sensor_msgs_generate_messages_py[0m
[ 40%] Built target sensor_msgs_generate_messages_py
[35m[1mScanning dependencies of target actionlib_generate_messages_cpp[0m
[ 40%] Built target actionlib_generate_messages_cpp
[35m[1mScanning dependencies of target marker_msgs_generate_messages_lisp[0m
[ 40%] Built target marker_msgs_generate_messages_lisp
[35m[1mScanning dependencies of target tf2_msgs_generate_messages_py[0m
[35m[1mScanning dependencies of target actionlib_msgs_generate_messages_nodejs[0m
[ 40%] Built target tf2_msgs_generate_messages_py
[35m[1mScanning dependencies of target actionlib_msgs_generate_messages_eus[0m
[ 40%] Built target actionlib_msgs_generate_messages_nodejs
[ 40%] Built target actionlib_msgs_generate_messages_eus
[35m[1mScanning dependencies of target actionlib_generate_messages_lisp[0m
[35m[1mScanning dependencies of target actionlib_msgs_generate_messages_cpp[0m
[ 40%] Built target actionlib_msgs_generate_messages_cpp
[ 40%] Built target actionlib_generate_messages_lisp
[35m[1mScanning dependencies of target std_msgs_generate_messages_cpp[0m
[35m[1mScanning dependencies of target sensor_msgs_generate_messages_eus[0m
[ 40%] Built target std_msgs_generate_messages_cpp
[ 40%] Built target sensor_msgs_generate_messages_eus
[35m[1mScanning dependencies of target actionlib_generate_messages_nodejs[0m
[35m[1mScanning dependencies of target actionlib_generate_messages_py[0m
[ 40%] Built target actionlib_generate_messages_nodejs
[ 40%] Built target actionlib_generate_messages_py
[35m[1mScanning dependencies of target mrpt_localization[0m
[ 50%] [32mBuilding CXX object CMakeFiles/mrpt_localization.dir/src/mrpt_localization/mrpt_localization.cpp.o[0m
[ 60%] [32mBuilding CXX object CMakeFiles/mrpt_localization.dir/src/mrpt_localization/mrpt_localization_parameters.cpp.o[0m
[ 70%] [32m[1mLinking CXX shared library /home/okarimpo/catkin_ws/devel/.private/mrpt_localization/lib/libmrpt_localization.so[0m
[ 70%] Built target mrpt_localization
[35m[1mScanning dependencies of target mrpt_localization_node[0m
[ 90%] [32mBuilding CXX object CMakeFiles/mrpt_localization_node.dir/src/mrpt_localization_node.cpp.o[0m
[ 90%] [32mBuilding CXX object CMakeFiles/mrpt_localization_node.dir/src/mrpt_localization_node_parameters.cpp.o[0m
[100%] [32m[1mLinking CXX executable /home/okarimpo/catkin_ws/devel/.private/mrpt_localization/lib/mrpt_localization/mrpt_localization_node[0m
[100%] Built target mrpt_localization_node
